<?xml version="1.0" encoding="UTF-8"?>
<!-- Generated by org.testng.reporters.JUnitXMLReporter -->
<testsuite ignored="5" hostname="WABTEC-SHIHARA" failures="0" tests="3" name="groupingtests" time="0.042" errors="0" timestamp="2024-07-02T16:26:35 IST">
  <testcase classname="day44.GroupingSignupTests" name="loginByEmail" time="0.009"/>
  <testcase classname="day44.GroupingSignupTests" name="loginByFacebook" time="0.001"/>
  <testcase classname="day44.GroupingSignupTests" name="loginByTwitter" time="0.001"/>
  <testcase classname="day44.GroupingLoginTests" name="loginByFacebook" time="0.0">
    <ignored/>
  </testcase> <!-- loginByFacebook -->
  <testcase classname="day44.GroupingPaymentTests" name="paymentInRuppes" time="0.0">
    <ignored/>
  </testcase> <!-- paymentInRuppes -->
  <testcase classname="day44.GroupingPaymentTests" name="paymentInDollers" time="0.0">
    <ignored/>
  </testcase> <!-- paymentInDollers -->
  <testcase classname="day44.GroupingLoginTests" name="loginByTwitter" time="0.0">
    <ignored/>
  </testcase> <!-- loginByTwitter -->
  <testcase classname="day44.GroupingLoginTests" name="loginByEmail" time="0.0">
    <ignored/>
  </testcase> <!-- loginByEmail -->
</testsuite> <!-- groupingtests -->
