<?xml version="1.0" encoding="UTF-8"?>
<!-- Generated by org.testng.reporters.JUnitXMLReporter -->
<testsuite ignored="0" hostname="WABTEC-SHIHARA" failures="0" tests="3" name="TestFirefox" time="76.499" errors="0" timestamp="2024-07-04T13:38:38 IST">
  <testcase classname="day45.ParalleTest" name="testLogo" time="0.034"/>
  <testcase classname="day45.ParalleTest" name="testTitle" time="0.005"/>
  <testcase classname="day45.ParalleTest" name="testURL" time="0.004"/>
</testsuite> <!-- TestFirefox -->
